Yosys synthesis report - reservation_station (RS_DEPTH=16)
Generated by: yosys prep (generic cells, before technology mapping)

=== reservation_station ===

Number of generic cells (pre-mapping):
  $mux             440
  $logic_and       182
  $logic_not        50
  $logic_or         47
  $eq               34
  $mem_v2           10   <- register arrays (expand to DFFs post-mapping)
  $lt               15
  $add               1
  Total            779

Estimated sequential state (from RTL analysis):
  RS entries (16 x 95 bits/entry) : 1520 flip-flops
  dispatch_seq counter (8-bit)    :    8 flip-flops
  Total estimated FFs             : 1528

Critical path: CDB tag CAM (16-way) -> age priority mux -> issue_valid
  Estimated path depth: ~17 logic levels at 500 MHz
  (Exceeds 500 MHz budget in generic cells; pipelining CAM recommended at 16+ entries)

Notes:
  - $mem_v2 cells represent reg arrays; map to DFFs + muxes in tech-mapped flow
  - Combinational cell count scales O(RS_DEPTH) due to CAM and priority encoder
