Yosys synthesis report - reservation_station (RS_DEPTH=4)
Generated by: yosys prep (generic cells, before technology mapping)

=== reservation_station ===

Number of generic cells (pre-mapping):
  $mux             140
  $logic_and        50
  $logic_not        14
  $logic_or         11
  $eq               10
  $mem_v2           10   <- register arrays (expand to DFFs post-mapping)
  $lt                3
  $add               1
  Total            239

Estimated sequential state (from RTL analysis):
  RS entries (4 x 95 bits/entry)  : 380 flip-flops
  dispatch_seq counter (8-bit)    :   8 flip-flops
  Total estimated FFs             : 388

Critical path: CDB tag CAM (4-way) -> age priority mux -> issue_valid
  Estimated path depth: ~12 logic levels at 500 MHz

Notes:
  - $mem_v2 cells represent reg arrays; map to DFFs + muxes in tech-mapped flow
  - Combinational cell count scales O(RS_DEPTH) due to CAM and priority encoder
