Yosys synthesis report - reservation_station (RS_DEPTH=8)
Generated by: yosys prep (generic cells, before technology mapping)

=== reservation_station ===

Number of generic cells (pre-mapping):
  $mux             240
  $logic_and        94
  $logic_not        26
  $logic_or         23
  $eq               18
  $mem_v2           10   <- register arrays (expand to DFFs post-mapping)
  $lt                7
  $add               1
  Total            419

Estimated sequential state (from RTL analysis):
  RS entries (8 x 95 bits/entry)  : 760 flip-flops
  dispatch_seq counter (8-bit)    :   8 flip-flops
  Total estimated FFs             : 768

Critical path: CDB tag CAM (8-way) -> age priority mux -> issue_valid
  Estimated path depth: ~14 logic levels at 500 MHz

Notes:
  - $mem_v2 cells represent reg arrays; map to DFFs + muxes in tech-mapped flow
  - Combinational cell count scales O(RS_DEPTH) due to CAM and priority encoder
